app/manifest-merger-release-report.txt
-- Merging decision tree log ---
manifest
ADDED from AndroidManifest.xml:2:1
	package
		ADDED from AndroidManifest.xml:3:11
		INJECTED from AndroidManifest.xml:0:0
		INJECTED from AndroidManifest.xml:0:0
	android:versionName
		INJECTED from AndroidManifest.xml:0:0
		INJECTED from AndroidManifest.xml:0:0
	xmlns:android
		ADDED from AndroidManifest.xml:2:11
	android:versionCode
		INJECTED from AndroidManifest.xml:0:0
		INJECTED from AndroidManifest.xml:0:0
uses-permission#android.permission.BLUETOOTH
ADDED from AndroidManifest.xml:5:5
MERGED from org.altbeacon:android-beacon-library:2.4:11:5
	android:name
		ADDED from AndroidManifest.xml:5:22
uses-permission#android.permission.BLUETOOTH_ADMIN
ADDED from AndroidManifest.xml:6:5
MERGED from org.altbeacon:android-beacon-library:2.4:12:5
	android:name
		ADDED from AndroidManifest.xml:6:22
uses-permission#android.permission.INTERNET
ADDED from AndroidManifest.xml:7:5
	android:name
		ADDED from AndroidManifest.xml:7:22
uses-permission#android.permission.VIBRATE
ADDED from AndroidManifest.xml:8:5
	android:name
		ADDED from AndroidManifest.xml:8:22
application
ADDED from AndroidManifest.xml:10:5
MERGED from com.android.support:appcompat-v7:21.0.3:16:5
MERGED from com.android.support:support-v4:21.0.3:16:5
MERGED from org.altbeacon:android-beacon-library:2.4:15:5
	android:label
		ADDED from AndroidManifest.xml:14:9
	android:allowBackup
		ADDED from AndroidManifest.xml:12:9
	android:icon
		ADDED from AndroidManifest.xml:13:9
	android:theme
		ADDED from AndroidManifest.xml:16:9
	android:logo
		ADDED from AndroidManifest.xml:15:9
	android:name
		ADDED from AndroidManifest.xml:11:9
provider#uk.ac.open.salsabeacons.SalsaProvider
ADDED from AndroidManifest.xml:17:9
	android:authorities
		ADDED from AndroidManifest.xml:19:13
	android:name
		ADDED from AndroidManifest.xml:18:13
activity#uk.ac.open.salsabeacons.MonitoringActivity
ADDED from AndroidManifest.xml:21:9
	android:label
		ADDED from AndroidManifest.xml:23:13
	android:launchMode
		ADDED from AndroidManifest.xml:24:13
	android:name
		ADDED from AndroidManifest.xml:22:13
intent-filter#android.intent.action.MAIN+android.intent.category.LAUNCHER
ADDED from AndroidManifest.xml:25:13
action#android.intent.action.MAIN
ADDED from AndroidManifest.xml:26:17
	android:name
		ADDED from AndroidManifest.xml:26:25
category#android.intent.category.LAUNCHER
ADDED from AndroidManifest.xml:28:17
	android:name
		ADDED from AndroidManifest.xml:28:27
activity#uk.ac.open.salsabeacons.ContentWebViewActivity
ADDED from AndroidManifest.xml:31:9
	android:label
		ADDED from AndroidManifest.xml:33:13
	android:parentActivityName
		ADDED from AndroidManifest.xml:35:13
	android:configChanges
		ADDED from AndroidManifest.xml:34:13
	android:name
		ADDED from AndroidManifest.xml:32:13
uses-sdk
INJECTED from AndroidManifest.xml:0:0 reason: use-sdk injection requested
MERGED from com.android.support:appcompat-v7:21.0.3:15:5
MERGED from com.android.support:support-v4:21.0.3:15:5
MERGED from org.altbeacon:android-beacon-library:2.4:7:5
	android:targetSdkVersion
		INJECTED from AndroidManifest.xml:0:0
		INJECTED from AndroidManifest.xml:0:0
	android:minSdkVersion
		INJECTED from AndroidManifest.xml:0:0
		INJECTED from AndroidManifest.xml:0:0
uses-permission#android.permission.RECEIVE_BOOT_COMPLETED
ADDED from org.altbeacon:android-beacon-library:2.4:13:5
	android:name
		ADDED from org.altbeacon:android-beacon-library:2.4:13:22
receiver#org.altbeacon.beacon.startup.StartupBroadcastReceiver
ADDED from org.altbeacon:android-beacon-library:2.4:16:9
	android:name
		ADDED from org.altbeacon:android-beacon-library:2.4:16:19
intent-filter#android.intent.action.ACTION_POWER_CONNECTED+android.intent.action.ACTION_POWER_DISCONNECTED+android.intent.action.BOOT_COMPLETED
ADDED from org.altbeacon:android-beacon-library:2.4:17:13
action#android.intent.action.BOOT_COMPLETED
ADDED from org.altbeacon:android-beacon-library:2.4:18:17
	android:name
		ADDED from org.altbeacon:android-beacon-library:2.4:18:25
action#android.intent.action.ACTION_POWER_CONNECTED
ADDED from org.altbeacon:android-beacon-library:2.4:19:17
	android:name
		ADDED from org.altbeacon:android-beacon-library:2.4:19:25
action#android.intent.action.ACTION_POWER_DISCONNECTED
ADDED from org.altbeacon:android-beacon-library:2.4:20:17
	android:name
		ADDED from org.altbeacon:android-beacon-library:2.4:20:25
service#org.altbeacon.beacon.service.BeaconService
ADDED from org.altbeacon:android-beacon-library:2.4:24:9
	android:enabled
		ADDED from org.altbeacon:android-beacon-library:2.4:26:13
	android:label
		ADDED from org.altbeacon:android-beacon-library:2.4:29:13
	android:exported
		ADDED from org.altbeacon:android-beacon-library:2.4:27:13
	android:isolatedProcess
		ADDED from org.altbeacon:android-beacon-library:2.4:28:13
	android:name
		ADDED from org.altbeacon:android-beacon-library:2.4:25:13
service#org.altbeacon.beacon.BeaconIntentProcessor
ADDED from org.altbeacon:android-beacon-library:2.4:30:9
	android:enabled
		ADDED from org.altbeacon:android-beacon-library:2.4:32:13
	android:exported
		ADDED from org.altbeacon:android-beacon-library:2.4:33:13
	android:name
		ADDED from org.altbeacon:android-beacon-library:2.4:31:13